# JRE version: OpenJDK Runtime Environment Microsoft-7208460 (11.0.18+10) (build 11.0.18+10-LTS)
# Java VM: OpenJDK 64-Bit Server VM Microsoft-7208460 (11.0.18+10-LTS, mixed mode, tiered, compressed oops, g1 gc, windows-amd64)
Heap:
 garbage-first heap   total 273408K, used 178173K [0x0000000080000000, 0x0000000100000000)
  region size 1024K, 2 young (2048K), 2 survivors (2048K)
 Metaspace       used 112098K, capacity 116752K, committed 117076K, reserved 620544K
  class space    used 14629K, capacity 16357K, committed 16460K, reserved 516096K
GC Heap History (20 events):
Event: 85.858 GC heap after
{Heap after GC invocations=45 (full 0):
 garbage-first heap   total 189440K, used 161808K [0x0000000080000000, 0x0000000100000000)
  region size 1024K, 1 young (1024K), 1 survivors (1024K)
 Metaspace       used 105737K, capacity 110204K, committed 110292K, reserved 612352K
  class space    used 13821K, capacity 15522K, committed 15564K, reserved 516096K
}
Event: 86.035 GC heap before
{Heap before GC invocations=45 (full 0):
 garbage-first heap   total 189440K, used 170000K [0x0000000080000000, 0x0000000100000000)
  region size 1024K, 9 young (9216K), 1 survivors (1024K)
 Metaspace       used 106626K, capacity 111074K, committed 111188K, reserved 612352K
  class space    used 13940K, capacity 15619K, committed 15692K, reserved 516096K
}
Event: 86.040 GC heap after
{Heap after GC invocations=46 (full 0):
 garbage-first heap   total 189440K, used 162013K [0x0000000080000000, 0x0000000100000000)
  region size 1024K, 2 young (2048K), 2 survivors (2048K)
 Metaspace       used 106626K, capacity 111074K, committed 111188K, reserved 612352K
  class space    used 13940K, capacity 15619K, committed 15692K, reserved 516096K
}
Event: 86.336 GC heap before
{Heap before GC invocations=46 (full 0):
 garbage-first heap   total 189440K, used 169181K [0x0000000080000000, 0x0000000100000000)
  region size 1024K, 9 young (9216K), 2 survivors (2048K)
 Metaspace       used 107314K, capacity 111714K, committed 111828K, reserved 616448K
  class space    used 14084K, capacity 15747K, committed 15820K, reserved 516096K
}
Event: 86.341 GC heap after
{Heap after GC invocations=47 (full 0):
 garbage-first heap   total 189440K, used 162207K [0x0000000080000000, 0x0000000100000000)
  region size 1024K, 1 young (1024K), 1 survivors (1024K)
 Metaspace       used 107314K, capacity 111714K, committed 111828K, reserved 616448K
  class space    used 14084K, capacity 15747K, committed 15820K, reserved 516096K
}
Event: 86.993 GC heap before
{Heap before GC invocations=48 (full 0):
 garbage-first heap   total 189440K, used 170399K [0x0000000080000000, 0x0000000100000000)
  region size 1024K, 9 young (9216K), 1 survivors (1024K)
 Metaspace       used 108052K, capacity 112566K, committed 112724K, reserved 616448K
  class space    used 14178K, capacity 15892K, committed 15948K, reserved 516096K
}
Event: 86.999 GC heap after
{Heap after GC invocations=49 (full 0):
 garbage-first heap   total 189440K, used 162876K [0x0000000080000000, 0x0000000100000000)
  region size 1024K, 2 young (2048K), 2 survivors (2048K)
 Metaspace       used 108052K, capacity 112566K, committed 112724K, reserved 616448K
  class space    used 14178K, capacity 15892K, committed 15948K, reserved 516096K
}
Event: 87.424 GC heap before
{Heap before GC invocations=49 (full 0):
 garbage-first heap   total 189440K, used 170044K [0x0000000080000000, 0x0000000100000000)
  region size 1024K, 9 young (9216K), 2 survivors (2048K)
 Metaspace       used 109495K, capacity 113916K, committed 114132K, reserved 618496K
  class space    used 14334K, capacity 16022K, committed 16076K, reserved 516096K
}
Event: 87.431 GC heap after
{Heap after GC invocations=50 (full 0):
 garbage-first heap   total 189440K, used 163591K [0x0000000080000000, 0x0000000100000000)
  region size 1024K, 2 young (2048K), 2 survivors (2048K)
 Metaspace       used 109495K, capacity 113916K, committed 114132K, reserved 618496K
  class space    used 14334K, capacity 16022K, committed 16076K, reserved 516096K
}
Event: 87.695 GC heap before
{Heap before GC invocations=50 (full 0):
 garbage-first heap   total 189440K, used 169735K [0x0000000080000000, 0x0000000100000000)
  region size 1024K, 9 young (9216K), 2 survivors (2048K)
 Metaspace       used 109959K, capacity 114379K, committed 114516K, reserved 618496K
  class space    used 14385K, capacity 16090K, committed 16204K, reserved 516096K
}
Event: 87.701 GC heap after
{Heap after GC invocations=51 (full 0):
 garbage-first heap   total 189440K, used 163965K [0x0000000080000000, 0x0000000100000000)
  region size 1024K, 2 young (2048K), 2 survivors (2048K)
 Metaspace       used 109959K, capacity 114379K, committed 114516K, reserved 618496K
  class space    used 14385K, capacity 16090K, committed 16204K, reserved 516096K
}
Event: 87.973 GC heap before
{Heap before GC invocations=51 (full 0):
 garbage-first heap   total 189440K, used 171133K [0x0000000080000000, 0x0000000100000000)
  region size 1024K, 9 young (9216K), 2 survivors (2048K)
 Metaspace       used 110322K, capacity 114745K, committed 115028K, reserved 618496K
  class space    used 14431K, capacity 16125K, committed 16204K, reserved 516096K
}
Event: 87.981 GC heap after
{Heap after GC invocations=52 (full 0):
 garbage-first heap   total 227328K, used 164746K [0x0000000080000000, 0x0000000100000000)
  region size 1024K, 2 young (2048K), 2 survivors (2048K)
 Metaspace       used 110322K, capacity 114745K, committed 115028K, reserved 618496K
  class space    used 14431K, capacity 16125K, committed 16204K, reserved 516096K
}
Event: 88.904 GC heap before
{Heap before GC invocations=53 (full 0):
 garbage-first heap   total 227328K, used 183178K [0x0000000080000000, 0x0000000100000000)
  region size 1024K, 20 young (20480K), 2 survivors (2048K)
 Metaspace       used 111193K, capacity 115752K, committed 115924K, reserved 618496K
  class space    used 14538K, capacity 16250K, committed 16332K, reserved 516096K
}
Event: 88.917 GC heap after
{Heap after GC invocations=54 (full 0):
 garbage-first heap   total 227328K, used 167683K [0x0000000080000000, 0x0000000100000000)
  region size 1024K, 3 young (3072K), 3 survivors (3072K)
 Metaspace       used 111193K, capacity 115752K, committed 115924K, reserved 618496K
  class space    used 14538K, capacity 16250K, committed 16332K, reserved 516096K
}
Event: 89.953 GC heap before
{Heap before GC invocations=54 (full 0):
 garbage-first heap   total 227328K, used 186115K [0x0000000080000000, 0x0000000100000000)
  region size 1024K, 21 young (21504K), 3 survivors (3072K)
 Metaspace       used 111515K, capacity 116079K, committed 116180K, reserved 620544K
  class space    used 14564K, capacity 16310K, committed 16332K, reserved 516096K
}
Event: 89.976 GC heap after
{Heap after GC invocations=55 (full 0):
 garbage-first heap   total 227328K, used 173414K [0x0000000080000000, 0x0000000100000000)
  region size 1024K, 3 young (3072K), 3 survivors (3072K)
 Metaspace       used 111515K, capacity 116079K, committed 116180K, reserved 620544K
  class space    used 14564K, capacity 16310K, committed 16332K, reserved 516096K
}
Event: 90.904 GC heap before
{Heap before GC invocations=56 (full 0):
 garbage-first heap   total 227328K, used 188774K [0x0000000080000000, 0x0000000100000000)
  region size 1024K, 18 young (18432K), 3 survivors (3072K)
 Metaspace       used 111796K, capacity 116490K, committed 116692K, reserved 620544K
  class space    used 14594K, capacity 16315K, committed 16332K, reserved 516096K
}
Event: 90.919 GC heap after
{Heap after GC invocations=57 (full 0):
 garbage-first heap   total 227328K, used 176436K [0x0000000080000000, 0x0000000100000000)
  region size 1024K, 3 young (3072K), 3 survivors (3072K)
 Metaspace       used 111796K, capacity 116490K, committed 116692K, reserved 620544K
  class space    used 14594K, capacity 16315K, committed 16332K, reserved 516096K
}
Event: 91.913 GC heap before
{Heap before GC invocations=57 (full 0):
 garbage-first heap   total 227328K, used 190772K [0x0000000080000000, 0x0000000100000000)
  region size 1024K, 17 young (17408K), 3 survivors (3072K)
 Metaspace       used 112098K, capacity 116752K, committed 117076K, reserved 620544K
  class space    used 14629K, capacity 16357K, committed 16460K, reserved 516096K
}

